service1/build/intermediates/manifest_merge_blame_file/debug/manifest-merger-blame-debug-report.txt
1<?xml version="1.0" encoding="utf-8"?>
2<manifest xmlns:android="http://schemas.android.com/apk/res/android"
3    package="no.hin.dt.service1"
4    android:versionCode="1"
5    android:versionName="1.0" >
6
7    <uses-sdk
8        android:minSdkVersion="26"
8-->src\main\AndroidManifest.xml
9        android:targetSdkVersion="30" />
9-->src\main\AndroidManifest.xml
10
11    <application
11-->src\main\AndroidManifest.xml:7:5-25:19
12        android:appComponentFactory="androidx.core.app.CoreComponentFactory"
12-->[androidx.core:core:1.3.0] AndroidManifest.xml:24:18-86
13        android:debuggable="true"
14        android:extractNativeLibs="false"
15        android:icon="@drawable/icon"
15-->src\main\AndroidManifest.xml:8:9-38
16        android:label="@string/app_name"
16-->src\main\AndroidManifest.xml:9:9-41
17        android:theme="@style/AppTheme" >
17-->src\main\AndroidManifest.xml:10:9-40
18        <activity
18-->src\main\AndroidManifest.xml:12:9-18:20
19            android:name="dt.hin.no.MyActivity"
19-->src\main\AndroidManifest.xml:12:19-45
20            android:label="@string/app_name" >
20-->src\main\AndroidManifest.xml:13:19-51
21            <intent-filter>
21-->src\main\AndroidManifest.xml:14:13-17:29
22                <action android:name="android.intent.action.MAIN" />
22-->src\main\AndroidManifest.xml:15:17-69
22-->src\main\AndroidManifest.xml:15:25-66
23
24                <category android:name="android.intent.category.LAUNCHER" />
24-->src\main\AndroidManifest.xml:16:17-77
24-->src\main\AndroidManifest.xml:16:27-74
25            </intent-filter>
26        </activity>
27
28        <service
28-->src\main\AndroidManifest.xml:20:9-24:19
29            android:name="dt.hin.no.MyBackgroundService"
29-->src\main\AndroidManifest.xml:22:13-48
30            android:enabled="true" >
30-->src\main\AndroidManifest.xml:21:13-35
31        </service>
32    </application>
33
34</manifest>